<?xml version="1.0" encoding="UTF-8"?>
<!-- Generated by org.testng.reporters.JUnitXMLReporter -->
<testsuite hostname="User-PC" name="Default test" tests="4" failures="0" timestamp="6 Jun 2016 14:00:45 GMT" time="47.898" errors="0">
  <testcase name="submodule1" time="2.246" classname="practicetwo.homework.MutipleBrowsers"/>
  <testcase name="submodule2" time="0.283" classname="practicetwo.homework.MutipleBrowsers"/>
  <testcase name="submodule3" time="9.172" classname="practicetwo.homework.MutipleBrowsers"/>
  <testcase name="submodule4" time="14.625" classname="practicetwo.homework.MutipleBrowsers"/>
</testsuite> <!-- Default test -->
