<?xml version="1.0" encoding="UTF-8"?>
<testng-results skipped="0" failed="0" total="1" passed="1">
  <reporter-output>
  </reporter-output>
  <suite name="FireflyAutomation" duration-ms="20" started-at="2016-06-06T14:26:32Z" finished-at="2016-06-06T14:26:32Z">
    <groups>
    </groups>
    <test name="Practice1" duration-ms="20" started-at="2016-06-06T14:26:32Z" finished-at="2016-06-06T14:26:32Z">
      <class name="practicefour.Practice1OnTestNG">
        <test-method status="PASS" signature="test(java.lang.String)[pri:0, instance:practicefour.Practice1OnTestNG@5a39699c]" name="test" duration-ms="0" started-at="2016-06-06T22:26:32Z" finished-at="2016-06-06T22:26:32Z">
          <params>
            <param index="0">
              <value>
                <![CDATA[\tool\test.properties]]>
              </value>
            </param>
          </params>
          <reporter-output>
          </reporter-output>
        </test-method> <!-- test -->
      </class> <!-- practicefour.Practice1OnTestNG -->
    </test> <!-- Practice1 -->
  </suite> <!-- FireflyAutomation -->
</testng-results>
